# Logfile created on 2016-11-23 10:40:36 +0800 by logger.rb/54362
  INFO ---------------------------------------------------------------------------
  INFO START 2016-11-23 10:40:36 +0800 cap production deploy
  INFO ---------------------------------------------------------------------------
  INFO [3021d1b6] Running /usr/bin/env mkdir -p /tmp as ssgene-forum@192.168.199.194
 DEBUG [3021d1b6] Command: /usr/bin/env mkdir -p /tmp
  INFO ---------------------------------------------------------------------------
  INFO START 2016-11-23 10:41:09 +0800 cap production deploy
  INFO ---------------------------------------------------------------------------
  INFO [f9de70d3] Running /usr/bin/env mkdir -p /tmp as ssgene-forum@192.168.199.194
 DEBUG [f9de70d3] Command: /usr/bin/env mkdir -p /tmp
  INFO [f9de70d3] Finished in 0.330 seconds with exit status 0 (successful).
 DEBUG Uploading /tmp/git-ssh-framework-production-liu.sh 0.0%
  INFO Uploading /tmp/git-ssh-framework-production-liu.sh 100.0%
  INFO [2c49f377] Running /usr/bin/env chmod 700 /tmp/git-ssh-framework-production-liu.sh as ssgene-forum@192.168.199.194
 DEBUG [2c49f377] Command: /usr/bin/env chmod 700 /tmp/git-ssh-framework-production-liu.sh
  INFO [2c49f377] Finished in 0.013 seconds with exit status 0 (successful).
  INFO [e8051f5e] Running /usr/bin/env git ls-remote --heads git@github.com:liu7899/framework.git as ssgene-forum@192.168.199.194
 DEBUG [e8051f5e] Command: ( export GIT_ASKPASS="/bin/echo" GIT_SSH="/tmp/git-ssh-framework-production-liu.sh" ; /usr/bin/env git ls-remote --heads git@github.com:liu7899/framework.git )
 DEBUG [e8051f5e] 	Warning: Permanently added 'github.com,192.30.253.112' (RSA) to the list of known hosts.
 DEBUG [e8051f5e] 	Permission denied (publickey).
 DEBUG [e8051f5e] 	fatal: Could not read from remote repository.

Please make sure you have the correct access rights
and the repository exists.
  INFO ---------------------------------------------------------------------------
  INFO START 2016-11-23 10:42:40 +0800 cap production deploy
  INFO ---------------------------------------------------------------------------
  INFO [0cdb377e] Running /usr/bin/env mkdir -p /tmp as ssgene-forum@192.168.199.194
 DEBUG [0cdb377e] Command: /usr/bin/env mkdir -p /tmp
  INFO [0cdb377e] Finished in 0.357 seconds with exit status 0 (successful).
 DEBUG Uploading /tmp/git-ssh-framework-production-liu.sh 0.0%
  INFO Uploading /tmp/git-ssh-framework-production-liu.sh 100.0%
  INFO [214e5576] Running /usr/bin/env chmod 700 /tmp/git-ssh-framework-production-liu.sh as ssgene-forum@192.168.199.194
 DEBUG [214e5576] Command: /usr/bin/env chmod 700 /tmp/git-ssh-framework-production-liu.sh
  INFO [214e5576] Finished in 0.028 seconds with exit status 0 (successful).
  INFO [151825ff] Running /usr/bin/env git ls-remote --heads git@github.com:liu7899/framework.git as ssgene-forum@192.168.199.194
 DEBUG [151825ff] Command: ( export GIT_ASKPASS="/bin/echo" GIT_SSH="/tmp/git-ssh-framework-production-liu.sh" ; /usr/bin/env git ls-remote --heads git@github.com:liu7899/framework.git )
 DEBUG [151825ff] 	Warning: Permanently added the RSA host key for IP address '192.30.253.113' to the list of known hosts.
 DEBUG [151825ff] 	Permission denied (publickey).
 DEBUG [151825ff] 	fatal: Could not read from remote repository.

Please make sure you have the correct access rights
and the repository exists.
  INFO ---------------------------------------------------------------------------
  INFO START 2016-11-23 10:49:22 +0800 cap production deploy
  INFO ---------------------------------------------------------------------------
  INFO [f9d5fe2b] Running /usr/bin/env mkdir -p /tmp as ssgene-forum@192.168.199.194
 DEBUG [f9d5fe2b] Command: /usr/bin/env mkdir -p /tmp
  INFO [f9d5fe2b] Finished in 0.255 seconds with exit status 0 (successful).
 DEBUG Uploading /tmp/git-ssh-framework-production-liu.sh 0.0%
  INFO Uploading /tmp/git-ssh-framework-production-liu.sh 100.0%
  INFO [ba267e7a] Running /usr/bin/env chmod 700 /tmp/git-ssh-framework-production-liu.sh as ssgene-forum@192.168.199.194
 DEBUG [ba267e7a] Command: /usr/bin/env chmod 700 /tmp/git-ssh-framework-production-liu.sh
  INFO [ba267e7a] Finished in 0.018 seconds with exit status 0 (successful).
  INFO [06705917] Running /usr/bin/env git ls-remote --heads git@github.com:liu7899/framework.git as ssgene-forum@192.168.199.194
 DEBUG [06705917] Command: ( export GIT_ASKPASS="/bin/echo" GIT_SSH="/tmp/git-ssh-framework-production-liu.sh" ; /usr/bin/env git ls-remote --heads git@github.com:liu7899/framework.git )
 DEBUG [06705917] 	Permission denied (publickey).
 DEBUG [06705917] 	fatal: Could not read from remote repository.

Please make sure you have the correct access rights
and the repository exists.
  INFO ---------------------------------------------------------------------------
  INFO START 2016-11-23 10:52:56 +0800 cap production deploy
  INFO ---------------------------------------------------------------------------
  INFO [53ec5dd0] Running /usr/bin/env mkdir -p /tmp as ssgene-forum@192.168.199.194
 DEBUG [53ec5dd0] Command: /usr/bin/env mkdir -p /tmp
  INFO [53ec5dd0] Finished in 0.475 seconds with exit status 0 (successful).
 DEBUG Uploading /tmp/git-ssh-framework-production-liu.sh 0.0%
  INFO Uploading /tmp/git-ssh-framework-production-liu.sh 100.0%
  INFO [8154f677] Running /usr/bin/env chmod 700 /tmp/git-ssh-framework-production-liu.sh as ssgene-forum@192.168.199.194
 DEBUG [8154f677] Command: /usr/bin/env chmod 700 /tmp/git-ssh-framework-production-liu.sh
  INFO [8154f677] Finished in 0.013 seconds with exit status 0 (successful).
  INFO [e99c7a10] Running /usr/bin/env git ls-remote --heads git@github.com:liu7899/framework.git as ssgene-forum@192.168.199.194
 DEBUG [e99c7a10] Command: ( export GIT_ASKPASS="/bin/echo" GIT_SSH="/tmp/git-ssh-framework-production-liu.sh" ; /usr/bin/env git ls-remote --heads git@github.com:liu7899/framework.git )
 DEBUG [e99c7a10] 	Permission denied (publickey).
 DEBUG [e99c7a10] 	fatal: Could not read from remote repository.

Please make sure you have the correct access rights
and the repository exists.
  INFO ---------------------------------------------------------------------------
  INFO START 2016-11-23 16:39:15 +0800 cap production deploy
  INFO ---------------------------------------------------------------------------
  INFO [86b21cfc] Running /usr/bin/env mkdir -p /tmp as ssgene-forum@192.168.199.194
 DEBUG [86b21cfc] Command: /usr/bin/env mkdir -p /tmp
  INFO [86b21cfc] Finished in 1.246 seconds with exit status 0 (successful).
 DEBUG Uploading /tmp/git-ssh-framework-production-liu.sh 0.0%
  INFO Uploading /tmp/git-ssh-framework-production-liu.sh 100.0%
  INFO [a6626789] Running /usr/bin/env chmod 700 /tmp/git-ssh-framework-production-liu.sh as ssgene-forum@192.168.199.194
 DEBUG [a6626789] Command: /usr/bin/env chmod 700 /tmp/git-ssh-framework-production-liu.sh
  INFO [a6626789] Finished in 0.015 seconds with exit status 0 (successful).
  INFO [bf9d0db1] Running /usr/bin/env git ls-remote --heads git@github.com:liu7899/framework.git as ssgene-forum@192.168.199.194
 DEBUG [bf9d0db1] Command: ( export GIT_ASKPASS="/bin/echo" GIT_SSH="/tmp/git-ssh-framework-production-liu.sh" ; /usr/bin/env git ls-remote --heads git@github.com:liu7899/framework.git )
 DEBUG [bf9d0db1] 	Permission denied (publickey).
 DEBUG [bf9d0db1] 	fatal: Could not read from remote repository.

Please make sure you have the correct access rights
and the repository exists.
